[debug] [2021-02-05T09:59:58.057Z] ----------------------------------------------------------------------
[debug] [2021-02-05T09:59:58.067Z] Command:       C:\Program Files\nodejs\node.exe C:\Users\E-MaxPCShop\AppData\Roaming\npm\node_modules\firebase-tools\lib\bin\firebase.js deploy
[debug] [2021-02-05T09:59:58.068Z] CLI Version:   9.2.2
[debug] [2021-02-05T09:59:58.069Z] Platform:      win32
[debug] [2021-02-05T09:59:58.069Z] Node Version:  v12.18.3
[debug] [2021-02-05T09:59:58.075Z] Time:          Fri Feb 05 2021 14:59:58 GMT+0500 (GMT+05:00)
[debug] [2021-02-05T09:59:58.076Z] ----------------------------------------------------------------------
[debug] [2021-02-05T09:59:58.077Z] 
[debug] [2021-02-05T09:59:58.119Z] > command requires scopes: ["email","openid","https://www.googleapis.com/auth/cloudplatformprojects.readonly","https://www.googleapis.com/auth/firebase","https://www.googleapis.com/auth/cloud-platform"]
[debug] [2021-02-05T09:59:58.123Z] > authorizing via signed-in user
[debug] [2021-02-05T09:59:58.124Z] [iam] checking project twitterclone-e9fe4 for permissions ["firebase.projects.get","firebasehosting.sites.update"]
[debug] [2021-02-05T09:59:58.139Z] > refreshing access token with scopes: ["email","https://www.googleapis.com/auth/cloud-platform","https://www.googleapis.com/auth/cloudplatformprojects.readonly","https://www.googleapis.com/auth/firebase","openid"]
[debug] [2021-02-05T09:59:58.140Z] >>> HTTP REQUEST POST https://www.googleapis.com/oauth2/v3/token  
 <request body omitted>
[debug] [2021-02-05T10:00:13.331Z] <<< HTTP RESPONSE 200 {"date":"Thu, 04 Feb 2021 10:02:30 GMT","expires":"Mon, 01 Jan 1990 00:00:00 GMT","pragma":"no-cache","cache-control":"no-cache, no-store, max-age=0, must-revalidate","content-type":"application/json; charset=utf-8","vary":"X-Origin, Referer, Origin,Accept-Encoding","server":"scaffolding on HTTPServer2","x-xss-protection":"0","x-frame-options":"SAMEORIGIN","x-content-type-options":"nosniff","alt-svc":"h3-29=\":443\"; ma=2592000,h3-T051=\":443\"; ma=2592000,h3-Q050=\":443\"; ma=2592000,h3-Q046=\":443\"; ma=2592000,h3-Q043=\":443\"; ma=2592000,quic=\":443\"; ma=2592000; v=\"46,43\"","accept-ranges":"none","transfer-encoding":"chunked"}
[debug] [2021-02-05T10:00:13.356Z] >>> HTTP REQUEST POST https://cloudresourcemanager.googleapis.com/v1/projects/twitterclone-e9fe4:testIamPermissions  
 {"permissions":["firebase.projects.get","firebasehosting.sites.update"]}
[debug] [2021-02-05T10:00:19.012Z] <<< HTTP RESPONSE 200 {"content-type":"application/json; charset=UTF-8","vary":"X-Origin, Referer, Origin,Accept-Encoding","date":"Thu, 04 Feb 2021 10:02:40 GMT","server":"ESF","cache-control":"private","x-xss-protection":"0","x-frame-options":"SAMEORIGIN","x-content-type-options":"nosniff","server-timing":"gfet4t7; dur=706","alt-svc":"h3-29=\":443\"; ma=2592000,h3-T051=\":443\"; ma=2592000,h3-Q050=\":443\"; ma=2592000,h3-Q046=\":443\"; ma=2592000,h3-Q043=\":443\"; ma=2592000,quic=\":443\"; ma=2592000; v=\"46,43\"","accept-ranges":"none","transfer-encoding":"chunked"}
[debug] [2021-02-05T10:00:19.018Z] > refreshing access token with scopes: []
[debug] [2021-02-05T10:00:19.019Z] >>> HTTP REQUEST POST https://www.googleapis.com/oauth2/v3/token  
 <request body omitted>
[debug] [2021-02-05T10:00:21.385Z] <<< HTTP RESPONSE 200 {"expires":"Mon, 01 Jan 1990 00:00:00 GMT","cache-control":"no-cache, no-store, max-age=0, must-revalidate","date":"Thu, 04 Feb 2021 10:02:42 GMT","pragma":"no-cache","content-type":"application/json; charset=utf-8","vary":"X-Origin, Referer, Origin,Accept-Encoding","server":"scaffolding on HTTPServer2","x-xss-protection":"0","x-frame-options":"SAMEORIGIN","x-content-type-options":"nosniff","alt-svc":"h3-29=\":443\"; ma=2592000,h3-T051=\":443\"; ma=2592000,h3-Q050=\":443\"; ma=2592000,h3-Q046=\":443\"; ma=2592000,h3-Q043=\":443\"; ma=2592000,quic=\":443\"; ma=2592000; v=\"46,43\"","accept-ranges":"none","transfer-encoding":"chunked"}
[debug] [2021-02-05T10:00:21.460Z] >>> [apiv2][query] GET https://firebase.googleapis.com/v1beta1/projects/twitterclone-e9fe4 [none]
[debug] [2021-02-05T10:00:24.874Z] <<< [apiv2][status] GET https://firebase.googleapis.com/v1beta1/projects/twitterclone-e9fe4 200
[debug] [2021-02-05T10:00:24.875Z] <<< [apiv2][body] GET https://firebase.googleapis.com/v1beta1/projects/twitterclone-e9fe4 {"projectId":"twitterclone-e9fe4","projectNumber":"658747222874","displayName":"twitterclone","name":"projects/twitterclone-e9fe4","resources":{"hostingSite":"twitterclone-e9fe4","storageBucket":"twitterclone-e9fe4.appspot.com","locationId":"us-central"},"state":"ACTIVE"}
[info] 
[info] === Deploying to 'twitterclone-e9fe4'...
[info] 
[info] i  deploying hosting 
[debug] [2021-02-05T10:00:24.892Z] > refreshing access token with scopes: ["email","https://www.googleapis.com/auth/cloud-platform","https://www.googleapis.com/auth/cloudplatformprojects.readonly","https://www.googleapis.com/auth/firebase","openid"]
[debug] [2021-02-05T10:00:24.893Z] >>> HTTP REQUEST POST https://www.googleapis.com/oauth2/v3/token  
 <request body omitted>
[debug] [2021-02-05T10:00:29.460Z] <<< HTTP RESPONSE 200 {"expires":"Mon, 01 Jan 1990 00:00:00 GMT","cache-control":"no-cache, no-store, max-age=0, must-revalidate","pragma":"no-cache","date":"Thu, 04 Feb 2021 10:02:50 GMT","content-type":"application/json; charset=utf-8","vary":"X-Origin, Referer, Origin,Accept-Encoding","server":"scaffolding on HTTPServer2","x-xss-protection":"0","x-frame-options":"SAMEORIGIN","x-content-type-options":"nosniff","alt-svc":"h3-29=\":443\"; ma=2592000,h3-T051=\":443\"; ma=2592000,h3-Q050=\":443\"; ma=2592000,h3-Q046=\":443\"; ma=2592000,h3-Q043=\":443\"; ma=2592000,quic=\":443\"; ma=2592000; v=\"46,43\"","accept-ranges":"none","transfer-encoding":"chunked"}
[debug] [2021-02-05T10:00:29.481Z] >>> HTTP REQUEST POST https://firebasehosting.googleapis.com/v1beta1/sites/twitterclone-e9fe4/versions  
 {"config":{"rewrites":[{"glob":"**","path":"/index.html"}]},"labels":{"deployment-tool":"cli-firebase"}}
[debug] [2021-02-05T10:00:38.029Z] <<< HTTP RESPONSE 200 {"content-type":"application/json; charset=UTF-8","vary":"X-Origin, Referer, Origin,Accept-Encoding","date":"Thu, 04 Feb 2021 10:02:58 GMT","server":"ESF","cache-control":"private","x-xss-protection":"0","x-frame-options":"SAMEORIGIN","x-content-type-options":"nosniff","alt-svc":"h3-29=\":443\"; ma=2592000,h3-T051=\":443\"; ma=2592000,h3-Q050=\":443\"; ma=2592000,h3-Q046=\":443\"; ma=2592000,h3-Q043=\":443\"; ma=2592000,quic=\":443\"; ma=2592000; v=\"46,43\"","accept-ranges":"none","transfer-encoding":"chunked"}
[info] i  hosting[twitterclone-e9fe4]: beginning deploy... 
[info] i  hosting[twitterclone-e9fe4]: found 18 files in build 
[debug] [2021-02-05T10:00:38.120Z] > refreshing access token with scopes: []
[debug] [2021-02-05T10:00:38.121Z] >>> HTTP REQUEST POST https://www.googleapis.com/oauth2/v3/token  
 <request body omitted>
[debug] [2021-02-05T10:00:38.130Z] [hosting] hash cache [YnVpbGQ] stored for 18 files
[debug] [2021-02-05T10:00:38.131Z] [hosting][hash queue][FINAL] {"max":16,"min":2,"avg":2,"active":0,"complete":18,"success":18,"errored":0,"retried":0,"total":18,"elapsed":32}
[debug] [2021-02-05T10:00:46.507Z] <<< HTTP RESPONSE 200 {"expires":"Mon, 01 Jan 1990 00:00:00 GMT","pragma":"no-cache","cache-control":"no-cache, no-store, max-age=0, must-revalidate","date":"Thu, 04 Feb 2021 10:03:06 GMT","content-type":"application/json; charset=utf-8","vary":"X-Origin, Referer, Origin,Accept-Encoding","server":"scaffolding on HTTPServer2","x-xss-protection":"0","x-frame-options":"SAMEORIGIN","x-content-type-options":"nosniff","alt-svc":"h3-29=\":443\"; ma=2592000,h3-T051=\":443\"; ma=2592000,h3-Q050=\":443\"; ma=2592000,h3-Q046=\":443\"; ma=2592000,h3-Q043=\":443\"; ma=2592000,quic=\":443\"; ma=2592000; v=\"46,43\"","accept-ranges":"none","transfer-encoding":"chunked"}
[debug] [2021-02-05T10:00:46.530Z] >>> [apiv2][query] POST https://firebasehosting.googleapis.com/v1beta1/sites/twitterclone-e9fe4/versions/3b6945f663eeefc1:populateFiles [none]
[debug] [2021-02-05T10:00:46.531Z] >>> [apiv2][body] POST https://firebasehosting.googleapis.com/v1beta1/sites/twitterclone-e9fe4/versions/3b6945f663eeefc1:populateFiles {"files":{"/asset-manifest.json":"8aa3f9b9959deb4f6d42d14b16a20db4856960c2b5c66e47a28740b042df136f","/favicon.ico":"eae62e993eb980ec8a25058c39d5a51feab118bd2100c4deebb2a9c158ec11f9","/index.html":"2121228180cd64eed2a17d94bf5537e928ddf5cf10b808d6decfae7f5ae6fb0e","/logo192.png":"3ee59515172ee198f3be375979df15ac5345183e656720a381b8872b2a39dc8b","/logo512.png":"ee7e2f3fdb8209c4b6fd7bef6ba50d1b9dba30a25bb5c3126df057e1cb6f5331","/manifest.json":"aff3449bdc238776f5d6d967f19ec491b36aed5fb7f23ccff6500736fd58494a","/robots.txt":"bfe106a3fb878dc83461c86818bf74fc1bdc7f28538ba613cd3e775516ce8b49","/static/css/main.592b1d13.chunk.css":"8a6dbcdd854b1a93e556b76f6e12245bc0ee9b37f5219abf7e41249deb80b0ea","/static/css/main.592b1d13.chunk.css.map":"f52f5e006d0c87a729aa0a2e11c98edd429965d40c1d168a4d76f240ca65ac70","/static/js/2.646658e7.chunk.js":"924150df8f78a86b31e6ce484c2caff7322cf40949f273d048c08fdb9803a62e","/static/js/2.646658e7.chunk.js.LICENSE.txt":"2b0c3589fad9ca163509a58deda05ba7de5243ff218e4b4563a61435b5c127e4","/static/js/2.646658e7.chunk.js.map":"9ae22febb75097f8f10ff68edcefc469519b99ad4ac98c9c8b9f1a74428e0437","/static/js/3.5a45a8be.chunk.js":"34a0d6902b8b4c2acf789b98038f5e036b1b2b948a614b765aceb00deab57a5e","/static/js/3.5a45a8be.chunk.js.map":"f9e02d41826f6f01e4d0460e529e43a4a67ec926dbf99443991f879b2b73317b","/static/js/main.8f706017.chunk.js":"7ff7944baa79701c932d6207a370327ee21bcad253370c6c7239c49a5009776f","/static/js/main.8f706017.chunk.js.map":"e3c4b27f097629e328841168bd7a8b23bd65ac1adaa25909975ad3983c8ba661","/static/js/runtime-main.ef8cfa25.js":"21b45eb7b89f581c004d8d97a4b172154d702064e66b2d7ad914a461a249379b","/static/js/runtime-main.ef8cfa25.js.map":"2079d8308883d7c1b449008c19c698e6923e79f404236015aabf768ab03b59d8"}}
[debug] [2021-02-05T10:00:57.714Z] [populateQueue] Retrying task index 0
[debug] [2021-02-05T10:00:57.716Z] >>> [apiv2][query] POST https://firebasehosting.googleapis.com/v1beta1/sites/twitterclone-e9fe4/versions/3b6945f663eeefc1:populateFiles [none]
[debug] [2021-02-05T10:00:57.717Z] >>> [apiv2][body] POST https://firebasehosting.googleapis.com/v1beta1/sites/twitterclone-e9fe4/versions/3b6945f663eeefc1:populateFiles {"files":{"/asset-manifest.json":"8aa3f9b9959deb4f6d42d14b16a20db4856960c2b5c66e47a28740b042df136f","/favicon.ico":"eae62e993eb980ec8a25058c39d5a51feab118bd2100c4deebb2a9c158ec11f9","/index.html":"2121228180cd64eed2a17d94bf5537e928ddf5cf10b808d6decfae7f5ae6fb0e","/logo192.png":"3ee59515172ee198f3be375979df15ac5345183e656720a381b8872b2a39dc8b","/logo512.png":"ee7e2f3fdb8209c4b6fd7bef6ba50d1b9dba30a25bb5c3126df057e1cb6f5331","/manifest.json":"aff3449bdc238776f5d6d967f19ec491b36aed5fb7f23ccff6500736fd58494a","/robots.txt":"bfe106a3fb878dc83461c86818bf74fc1bdc7f28538ba613cd3e775516ce8b49","/static/css/main.592b1d13.chunk.css":"8a6dbcdd854b1a93e556b76f6e12245bc0ee9b37f5219abf7e41249deb80b0ea","/static/css/main.592b1d13.chunk.css.map":"f52f5e006d0c87a729aa0a2e11c98edd429965d40c1d168a4d76f240ca65ac70","/static/js/2.646658e7.chunk.js":"924150df8f78a86b31e6ce484c2caff7322cf40949f273d048c08fdb9803a62e","/static/js/2.646658e7.chunk.js.LICENSE.txt":"2b0c3589fad9ca163509a58deda05ba7de5243ff218e4b4563a61435b5c127e4","/static/js/2.646658e7.chunk.js.map":"9ae22febb75097f8f10ff68edcefc469519b99ad4ac98c9c8b9f1a74428e0437","/static/js/3.5a45a8be.chunk.js":"34a0d6902b8b4c2acf789b98038f5e036b1b2b948a614b765aceb00deab57a5e","/static/js/3.5a45a8be.chunk.js.map":"f9e02d41826f6f01e4d0460e529e43a4a67ec926dbf99443991f879b2b73317b","/static/js/main.8f706017.chunk.js":"7ff7944baa79701c932d6207a370327ee21bcad253370c6c7239c49a5009776f","/static/js/main.8f706017.chunk.js.map":"e3c4b27f097629e328841168bd7a8b23bd65ac1adaa25909975ad3983c8ba661","/static/js/runtime-main.ef8cfa25.js":"21b45eb7b89f581c004d8d97a4b172154d702064e66b2d7ad914a461a249379b","/static/js/runtime-main.ef8cfa25.js.map":"2079d8308883d7c1b449008c19c698e6923e79f404236015aabf768ab03b59d8"}}
[debug] [2021-02-05T10:01:07.244Z] <<< [apiv2][status] POST https://firebasehosting.googleapis.com/v1beta1/sites/twitterclone-e9fe4/versions/3b6945f663eeefc1:populateFiles 200
[debug] [2021-02-05T10:01:07.245Z] <<< [apiv2][body] POST https://firebasehosting.googleapis.com/v1beta1/sites/twitterclone-e9fe4/versions/3b6945f663eeefc1:populateFiles {"uploadUrl":"https://upload-firebasehosting.googleapis.com/upload/sites/twitterclone-e9fe4/versions/3b6945f663eeefc1/files"}
[debug] [2021-02-05T10:01:07.246Z] [hosting][populate queue][FINAL] {"max":9531,"min":9531,"avg":9531,"active":0,"complete":1,"success":1,"errored":0,"retried":1,"total":1,"elapsed":29127}
[debug] [2021-02-05T10:01:07.247Z] [hosting] uploads queued: 0
[debug] [2021-02-05T10:01:07.248Z] [hosting][upload queue][FINAL] {"max":0,"min":9999999999,"avg":0,"active":0,"complete":0,"success":0,"errored":0,"retried":0,"total":0,"elapsed":1612519267248}
[info] +  hosting[twitterclone-e9fe4]: file upload complete 
[debug] [2021-02-05T10:01:07.253Z] [hosting] deploy completed after 29220ms
[debug] [2021-02-05T10:01:13.153Z] [
  {
    "config": {
      "public": "build",
      "ignore": [
        "firebase.json",
        "**/.*",
        "**/node_modules/**"
      ],
      "rewrites": [
        {
          "source": "**",
          "destination": "/index.html"
        }
      ],
      "site": "twitterclone-e9fe4"
    },
    "site": "twitterclone-e9fe4",
    "version": "sites/twitterclone-e9fe4/versions/3b6945f663eeefc1"
  }
]
[info] i  hosting[twitterclone-e9fe4]: finalizing version... 
[debug] [2021-02-05T10:01:13.156Z] > refreshing access token with scopes: ["email","https://www.googleapis.com/auth/cloud-platform","https://www.googleapis.com/auth/cloudplatformprojects.readonly","https://www.googleapis.com/auth/firebase","openid"]
[debug] [2021-02-05T10:01:13.157Z] >>> HTTP REQUEST POST https://www.googleapis.com/oauth2/v3/token  
 <request body omitted>
[debug] [2021-02-05T10:01:16.944Z] <<< HTTP RESPONSE 200 {"pragma":"no-cache","cache-control":"no-cache, no-store, max-age=0, must-revalidate","expires":"Mon, 01 Jan 1990 00:00:00 GMT","date":"Thu, 04 Feb 2021 10:03:38 GMT","content-type":"application/json; charset=utf-8","vary":"X-Origin, Referer, Origin,Accept-Encoding","server":"scaffolding on HTTPServer2","x-xss-protection":"0","x-frame-options":"SAMEORIGIN","x-content-type-options":"nosniff","alt-svc":"h3-29=\":443\"; ma=2592000,h3-T051=\":443\"; ma=2592000,h3-Q050=\":443\"; ma=2592000,h3-Q046=\":443\"; ma=2592000,h3-Q043=\":443\"; ma=2592000,quic=\":443\"; ma=2592000; v=\"46,43\"","accept-ranges":"none","transfer-encoding":"chunked"}
[debug] [2021-02-05T10:01:16.973Z] >>> HTTP REQUEST PATCH https://firebasehosting.googleapis.com/v1beta1/sites/twitterclone-e9fe4/versions/3b6945f663eeefc1?updateMask=status  
 {"status":"FINALIZED"}
[debug] [2021-02-05T10:01:27.049Z] <<< HTTP RESPONSE 200 {"content-type":"application/json; charset=UTF-8","vary":"X-Origin, Referer, Origin,Accept-Encoding","date":"Thu, 04 Feb 2021 10:03:48 GMT","server":"ESF","cache-control":"private","x-xss-protection":"0","x-frame-options":"SAMEORIGIN","x-content-type-options":"nosniff","alt-svc":"h3-29=\":443\"; ma=2592000,h3-T051=\":443\"; ma=2592000,h3-Q050=\":443\"; ma=2592000,h3-Q046=\":443\"; ma=2592000,h3-Q043=\":443\"; ma=2592000,quic=\":443\"; ma=2592000; v=\"46,43\"","accept-ranges":"none","transfer-encoding":"chunked"}
[debug] [2021-02-05T10:01:27.050Z] [hosting] finalized version for twitterclone-e9fe4: {"name":"sites/twitterclone-e9fe4/versions/3b6945f663eeefc1","status":"FINALIZED","config":{"rewrites":[{"glob":"**","path":"/index.html"}]},"labels":{"deployment-tool":"cli-firebase"},"createTime":"2021-02-04T10:02:58.166530Z","createUser":{"email":"samariddinovshokhzod@gmail.com"},"finalizeTime":"2021-02-04T10:03:48.916148Z","finalizeUser":{"email":"samariddinovshokhzod@gmail.com"}}
[info] +  hosting[twitterclone-e9fe4]: version finalized 
[info] i  hosting[twitterclone-e9fe4]: releasing new version... 
[debug] [2021-02-05T10:01:27.054Z] >>> HTTP REQUEST POST https://firebasehosting.googleapis.com/v1beta1/sites/twitterclone-e9fe4/releases?version_name=sites/twitterclone-e9fe4/versions/3b6945f663eeefc1  
 {"message":null}
[debug] [2021-02-05T10:01:29.464Z] <<< HTTP RESPONSE 200 {"content-type":"application/json; charset=UTF-8","vary":"X-Origin, Referer, Origin,Accept-Encoding","date":"Thu, 04 Feb 2021 10:03:51 GMT","server":"ESF","cache-control":"private","x-xss-protection":"0","x-frame-options":"SAMEORIGIN","x-content-type-options":"nosniff","alt-svc":"h3-29=\":443\"; ma=2592000,h3-T051=\":443\"; ma=2592000,h3-Q050=\":443\"; ma=2592000,h3-Q046=\":443\"; ma=2592000,h3-Q043=\":443\"; ma=2592000,quic=\":443\"; ma=2592000; v=\"46,43\"","accept-ranges":"none","transfer-encoding":"chunked"}
[debug] [2021-02-05T10:01:29.467Z] [hosting] release: {"name":"sites/twitterclone-e9fe4/releases/1612433030396905","version":{"name":"sites/twitterclone-e9fe4/versions/3b6945f663eeefc1","status":"FINALIZED","config":{"rewrites":[{"glob":"**","path":"/index.html"}]},"labels":{"deployment-tool":"cli-firebase"},"createTime":"2021-02-04T10:02:58.166530Z","createUser":{"email":"samariddinovshokhzod@gmail.com"},"finalizeTime":"2021-02-04T10:03:48.916148Z","finalizeUser":{"email":"samariddinovshokhzod@gmail.com"},"preview":{}},"type":"DEPLOY","releaseTime":"2021-02-04T10:03:50.396905181Z","releaseUser":{"email":"samariddinovshokhzod@gmail.com"}}
[info] +  hosting[twitterclone-e9fe4]: release complete 
[info] 
[info] +  Deploy complete! 
[info] 
[info] Project Console: https://console.firebase.google.com/project/twitterclone-e9fe4/overview
[info] Hosting URL: https://twitterclone-e9fe4.web.app
